19-03-2026 16-32 info: Export Worker Started...!!
19-03-2026 16-32 info: Cleanup Worker Running...
19-03-2026 16-32 info: server is running at 5000
19-03-2026 16-32 info: Swagger docs is available at http://localhost:5000/api-docs
19-03-2026 16-32 info: Redis connected
19-03-2026 16-32 info: Mongo Connected
19-03-2026 16-38 info: Export Worker Started...!!
19-03-2026 16-38 info: Cleanup Worker Running...
19-03-2026 16-38 info: server is running at 5000
19-03-2026 16-38 info: Swagger docs is available at http://localhost:5000/api-docs
19-03-2026 16-38 info: Redis connected
19-03-2026 16-38 info: Mongo Connected
19-03-2026 16-39 info: [JOB 5] Started export job for exportId=69bbd95d74b4344f373b594c
19-03-2026 16-39 info: [JOB 5] Routing to V2 processor
19-03-2026 16-39 info: [V2] Resolved → formdata_111111111111111111111111 at /app/export.data/saran_69bbd95d74b4344f373b594c/app_aaaaaaaaaaaaaaaaaaaaaaaa
19-03-2026 16-39 info: [V2] Resolved → formdata_222222222222222222222222 at /app/export.data/saran_69bbd95d74b4344f373b594c/app_aaaaaaaaaaaaaaaaaaaaaaaa/subFolder_a
19-03-2026 16-39 info: [V2] Resolved → formdata_444444444444444444444444 at /app/export.data/saran_69bbd95d74b4344f373b594c/app_aaaaaaaaaaaaaaaaaaaaaaaa/subFolder_a/subFolder_a1
19-03-2026 16-39 info: [V2] Resolved → formdata_333333333333333333333333 at /app/export.data/saran_69bbd95d74b4344f373b594c/app_aaaaaaaaaaaaaaaaaaaaaaaa/subFolder_b
19-03-2026 16-39 info: [V2 EXPORT 69bbd95d74b4344f373b594c] Total collections resolved: 4
19-03-2026 16-39 info: [V2] formdata_111111111111111111111111_part1.xlsx created
19-03-2026 16-39 info: [V2] formdata_111111111111111111111111_part2.xlsx created
19-03-2026 16-39 info: [V2] formdata_111111111111111111111111_part3.xlsx created
19-03-2026 16-39 info: [V2 EXPORT 69bbd95d74b4344f373b594c] Done → formdata_111111111111111111111111
19-03-2026 16-39 info: [V2] formdata_222222222222222222222222_part1.xlsx created
19-03-2026 16-39 info: [V2] formdata_222222222222222222222222_part2.xlsx created
19-03-2026 16-39 info: [V2] formdata_222222222222222222222222_part3.xlsx created
19-03-2026 16-39 info: [V2 EXPORT 69bbd95d74b4344f373b594c] Done → formdata_222222222222222222222222
19-03-2026 16-39 info: [V2] formdata_444444444444444444444444_part1.xlsx created
19-03-2026 16-39 info: [V2] formdata_444444444444444444444444_part2.xlsx created
19-03-2026 16-39 info: [V2] formdata_444444444444444444444444_part3.xlsx created
19-03-2026 16-39 info: [V2] formdata_444444444444444444444444_part4.xlsx created
19-03-2026 16-39 info: [V2 EXPORT 69bbd95d74b4344f373b594c] Done → formdata_444444444444444444444444
19-03-2026 16-39 info: [V2] formdata_333333333333333333333333_part1.xlsx created
19-03-2026 16-39 info: [V2] formdata_333333333333333333333333_part2.xlsx created
19-03-2026 16-39 info: [V2] formdata_333333333333333333333333_part3.xlsx created
19-03-2026 16-39 info: [V2] formdata_333333333333333333333333_part4.xlsx created
19-03-2026 16-39 info: [V2] formdata_333333333333333333333333_part5.xlsx created
19-03-2026 16-39 info: [V2] formdata_333333333333333333333333_part6.xlsx created
19-03-2026 16-39 info: [V2 EXPORT 69bbd95d74b4344f373b594c] Done → formdata_333333333333333333333333
19-03-2026 16-39 info: [V2 EXPORT 69bbd95d74b4344f373b594c] Total docs exported: 289188
19-03-2026 16-39 info: Export and zip completed for: 69bbd95d74b4344f373b594c
19-03-2026 16-39 info: Notification emails sent to: saran.st@viewzenlabs.com
19-03-2026 16-39 info: [JOB 5] Worker completed event
19-03-2026 16-44 info: Export Worker Started...!!
19-03-2026 16-44 info: Cleanup Worker Running...
19-03-2026 16-44 info: server is running at 5000
19-03-2026 16-44 info: Swagger docs is available at http://localhost:5000/api-docs
19-03-2026 16-44 info: Mongo Connected
19-03-2026 16-44 info: Redis connected
19-03-2026 16-44 info: Deleted: /app/export.data/saran_69bbd95d74b4344f373b594c
19-03-2026 16-44 info: Cleanup completed for: 69bbd95d74b4344f373b594c
19-03-2026 18-10 error:  Redis connection error: Error: connect ECONNREFUSED 172.20.0.2:6379
    at TCPConnectWrap.afterConnect [as oncomplete] (node:net:1637:16) {
  errno: -111,
  code: 'ECONNREFUSED',
  syscall: 'connect',
  address: '172.20.0.2',
  port: 6379
}
19-03-2026 18-10 error:  Redis connection error: Error: connect ECONNREFUSED 172.20.0.2:6379
    at TCPConnectWrap.afterConnect [as oncomplete] (node:net:1637:16) {
  errno: -111,
  code: 'ECONNREFUSED',
  syscall: 'connect',
  address: '172.20.0.2',
  port: 6379
}
19-03-2026 18-10 error:  Redis connection error: Error: getaddrinfo EAI_AGAIN my_redis
    at GetAddrInfoReqWrap.onlookupall [as oncomplete] (node:dns:122:26) {
  errno: -3001,
  code: 'EAI_AGAIN',
  syscall: 'getaddrinfo',
  hostname: 'my_redis'
}
